d:\myprojects\cox_project\1.sdk\thermalcamdllsample\samplecg\samplecg\x64\release\samplecgx64.pch
d:\myprojects\cox_project\1.sdk\thermalcamdllsample\samplecg\samplecg\x64\release\vc140.pdb
d:\myprojects\cox_project\1.sdk\thermalcamdllsample\samplecg\samplecg\x64\release\stdafx.obj
d:\myprojects\cox_project\1.sdk\thermalcamdllsample\samplecg\samplecg\x64\release\screenwnd.obj
d:\myprojects\cox_project\1.sdk\thermalcamdllsample\samplecg\samplecg\x64\release\samplecgdlg.obj
d:\myprojects\cox_project\1.sdk\thermalcamdllsample\samplecg\samplecg\x64\release\samplecg.obj
d:\myprojects\cox_project\1.sdk\thermalcamdllsample\samplecg\samplecg\x64\release\camerasetupdlg.obj
d:\myprojects\cox_project\1.sdk\thermalcamdllsample\bin64\release\samplecgx64.exe
d:\myprojects\cox_project\1.sdk\thermalcamdllsample\bin64\release\samplecgx64.ipdb
d:\myprojects\cox_project\1.sdk\thermalcamdllsample\bin64\release\samplecgx64.iobj
d:\myprojects\cox_project\1.sdk\thermalcamdllsample\bin64\release\samplecgx64.pdb
d:\myprojects\cox_project\1.sdk\thermalcamdllsample\samplecg\samplecg\x64\release\samplecg.res
d:\myprojects\cox_project\1.sdk\thermalcamdllsample\samplecg\samplecg\x64\release\samplecg.tlog\cl.command.1.tlog
d:\myprojects\cox_project\1.sdk\thermalcamdllsample\samplecg\samplecg\x64\release\samplecg.tlog\cl.read.1.tlog
d:\myprojects\cox_project\1.sdk\thermalcamdllsample\samplecg\samplecg\x64\release\samplecg.tlog\cl.write.1.tlog
d:\myprojects\cox_project\1.sdk\thermalcamdllsample\samplecg\samplecg\x64\release\samplecg.tlog\link.command.1.tlog
d:\myprojects\cox_project\1.sdk\thermalcamdllsample\samplecg\samplecg\x64\release\samplecg.tlog\link.read.1.tlog
d:\myprojects\cox_project\1.sdk\thermalcamdllsample\samplecg\samplecg\x64\release\samplecg.tlog\link.write.1.tlog
d:\myprojects\cox_project\1.sdk\thermalcamdllsample\samplecg\samplecg\x64\release\samplecg.tlog\rc.command.1.tlog
d:\myprojects\cox_project\1.sdk\thermalcamdllsample\samplecg\samplecg\x64\release\samplecg.tlog\rc.read.1.tlog
d:\myprojects\cox_project\1.sdk\thermalcamdllsample\samplecg\samplecg\x64\release\samplecg.tlog\rc.write.1.tlog
